------------------------------------------------------------------------------
                           GCC Code Coverage Report
Directory: .
------------------------------------------------------------------------------
File                                       Lines    Exec  Cover   Missing
------------------------------------------------------------------------------
diamond.tests.cpp                             25      25   100%   
print_diamond.cpp                             36      36   100%   
------------------------------------------------------------------------------
TOTAL                                         61      61   100%
------------------------------------------------------------------------------
