------------------------------------------------------------------------------
                           GCC Code Coverage Report
Directory: .
------------------------------------------------------------------------------
File                                       Lines    Exec  Cover   Missing
------------------------------------------------------------------------------
diamond.tests.cpp                             10      10   100%   
print_diamond.cpp                             36      36   100%   
------------------------------------------------------------------------------
TOTAL                                         46      46   100%
------------------------------------------------------------------------------
